<?xml version="1.0" encoding="UTF-8"?>
<!-- Generated by org.testng.reporters.JUnitXMLReporter -->
<testsuite ignored="0" hostname="DESKTOP-NODRDKI" failures="0" tests="5" name="Default test" time="3.834" errors="0" timestamp="2023-12-25T00:37:23 PST">
  <testcase classname="TestCases.TC_VideoGameApiTest" name="GetallVideoGame" time="2.687"/>
  <testcase classname="TestCases.TC_VideoGameApiTest" name="PostRequest" time="0.786"/>
  <testcase classname="TestCases.TC_VideoGameApiTest" name="singlegetRequest" time="0.096"/>
  <testcase classname="TestCases.TC_VideoGameApiTest" name="putRequest" time="0.079"/>
  <testcase classname="TestCases.TC_VideoGameApiTest" name="DeleteRequest" time="0.063"/>
</testsuite> <!-- Default test -->
