<?xml version="1.0" encoding="UTF-8"?>
<!-- Generated by org.testng.reporters.JUnitXMLReporter -->
<testsuite ignored="0" hostname="DESKTOP-NODRDKI" failures="0" tests="5" name="Test" time="3.783" errors="0" timestamp="2023-12-25T00:37:55 PST">
  <testcase classname="TestCases.TC_VideoGameApiTest" name="GetallVideoGame" time="2.623"/>
  <testcase classname="TestCases.TC_VideoGameApiTest" name="PostRequest" time="0.822"/>
  <testcase classname="TestCases.TC_VideoGameApiTest" name="singlegetRequest" time="0.104"/>
  <testcase classname="TestCases.TC_VideoGameApiTest" name="putRequest" time="0.076"/>
  <testcase classname="TestCases.TC_VideoGameApiTest" name="DeleteRequest" time="0.046"/>
</testsuite> <!-- Test -->
