<?xml version="1.0" encoding="UTF-8"?>
<testng-results ignored="0" total="5" passed="5" failed="0" skipped="0">
  <reporter-output>
  </reporter-output>
  <suite started-at="2023-12-25T00:37:52 PST" name="Suite" finished-at="2023-12-25T00:37:55 PST" duration-ms="3783">
    <groups>
    </groups>
    <test started-at="2023-12-25T00:37:52 PST" name="Test" finished-at="2023-12-25T00:37:55 PST" duration-ms="3783">
      <class name="TestCases.TC_VideoGameApiTest">
        <test-method signature="GetallVideoGame()[pri:1, instance:TestCases.TC_VideoGameApiTest@e15b7e8]" started-at="2023-12-25T00:37:52 PST" name="GetallVideoGame" finished-at="2023-12-25T00:37:54 PST" duration-ms="2623" status="PASS">
          <reporter-output>
          </reporter-output>
        </test-method> <!-- GetallVideoGame -->
        <test-method signature="PostRequest()[pri:2, instance:TestCases.TC_VideoGameApiTest@e15b7e8]" started-at="2023-12-25T00:37:54 PST" name="PostRequest" finished-at="2023-12-25T00:37:55 PST" duration-ms="822" status="PASS">
          <reporter-output>
          </reporter-output>
        </test-method> <!-- PostRequest -->
        <test-method signature="singlegetRequest()[pri:3, instance:TestCases.TC_VideoGameApiTest@e15b7e8]" started-at="2023-12-25T00:37:55 PST" name="singlegetRequest" finished-at="2023-12-25T00:37:55 PST" duration-ms="104" status="PASS">
          <reporter-output>
          </reporter-output>
        </test-method> <!-- singlegetRequest -->
        <test-method signature="putRequest()[pri:4, instance:TestCases.TC_VideoGameApiTest@e15b7e8]" started-at="2023-12-25T00:37:55 PST" name="putRequest" finished-at="2023-12-25T00:37:55 PST" duration-ms="76" status="PASS">
          <reporter-output>
          </reporter-output>
        </test-method> <!-- putRequest -->
        <test-method signature="DeleteRequest()[pri:5, instance:TestCases.TC_VideoGameApiTest@e15b7e8]" started-at="2023-12-25T00:37:55 PST" name="DeleteRequest" finished-at="2023-12-25T00:37:55 PST" duration-ms="46" status="PASS">
          <reporter-output>
          </reporter-output>
        </test-method> <!-- DeleteRequest -->
      </class> <!-- TestCases.TC_VideoGameApiTest -->
    </test> <!-- Test -->
  </suite> <!-- Suite -->
</testng-results>
